06.06.2024 3:31:51 | Information | This is an informational message.
06.06.2024 3:59:44 | Администратор System.Runtime.CompilerServices.AsyncTaskMethodBuilder`1+AsyncStateMachineBox`1[ToDoList.Domain.ViewModels.User.UserViewModel,ToDoList.Service.Implementations.UserService+<GetById>d__7] создал пользователя Коркин
06.06.2024 4:00:45 | Администратор System.Runtime.CompilerServices.AsyncTaskMethodBuilder`1+AsyncStateMachineBox`1[ToDoList.Domain.ViewModels.User.UserViewModel,ToDoList.Service.Implementations.UserService+<GetById>d__7] создал пользователя dd
06.06.2024 4:06:03 | Администратор System.Runtime.CompilerServices.AsyncTaskMethodBuilder`1+AsyncStateMachineBox`1[ToDoList.Domain.ViewModels.User.UserViewModel,ToDoList.Service.Implementations.UserService+<GetById>d__7] создал пользователя jhgfd
06.06.2024 4:06:41 | Администратор System.Runtime.CompilerServices.AsyncTaskMethodBuilder`1+AsyncStateMachineBox`1[ToDoList.Domain.ViewModels.User.UserViewModel,ToDoList.Service.Implementations.UserService+<GetById>d__7] создал пользователя ;lkjhgfd
08.06.2024 22:52:53 | Администратор создал пользователя юбьтимавсч
08.06.2024 23:03:51 | Cмена пароля пользователя Зайцева Ольга Александровна
08.06.2024 23:03:54 | Попытка смены логина пользователя Зайцева Ольга Александровна
08.06.2024 23:04:04 | Смена ФИО пользователя с Зайцева Ольга Александровна на Волкова Ольга Александровна
08.06.2024 23:04:08 | Удаление пользователя Волкова Ольга Александровна
16.06.2024 1:00:59 | Удаление пользователя ;lkjhgfd
16.06.2024 1:01:01 | Удаление пользователя 1
16.06.2024 1:01:02 | Удаление пользователя 3
17.06.2024 13:42:18 | Создание пользователя gjkjjhgfds
17.06.2024 13:46:27 | Смена ФИО пользователя с jhgfd на nach
17.06.2024 13:46:30 | Смена ФИО пользователя с dd на nach2
17.06.2024 13:46:33 | Смена ФИО пользователя с asd на nach3
21.06.2024 16:53:35 | Создание пользователя dfgfhgf
21.06.2024 17:22:50 | Создание пользователя asd
21.06.2024 17:23:23 | Создание пользователя asdjhasf
21.06.2024 17:36:55 | Создание пользователя asd
21.06.2024 20:30:57 | Создание пользователя Мамаджон Мамажанович Маркин
21.06.2024 20:31:10 | Создание пользователя Мамаджон Мамажанович Маркин2
21.06.2024 20:31:18 | Создание пользователя Мамаджон Мамажанович Маркин3
21.06.2024 20:31:27 | Создание пользователя Мамаджон Мамажанович Маркин4
28.08.2024 13:43:22 | Создание пользователя фФЫВ
